{"logTime": "1130/215734", "correlationVector":"G3kIpEWXNspyi9gyChwn6V.0","action":"FeedSettingFetch_homeCloud", "result":"0", "context":{}}
{"logTime": "1130/215734", "correlationVector":"SKfNDpaSuHX1fUyRBDjzeI.1","action":"SyncServerConnectionManagerRequest", "result":"SYNC_SERVER_OK", "context":{"environment":"Prod_EastUS2_000e", "migrationStage":"NotStarted", "server":"GENERAL0100001M"}}
{"logTime": "1130/215734", "correlationVector":"SKfNDpaSuHX1fUyRBDjzeI","action":"Initial GetUpdates", "result":"", "context":Reason: NEW_CLIENT. cV=SKfNDpaSuHX1fUyRBDjzeI}
{"logTime": "1130/215734", "correlationVector":"SKfNDpaSuHX1fUyRBDjzeI.2","action":"GetUpdates Response", "result":"SYNCER_OK", "context":Received 1 update(s). cV=SKfNDpaSuHX1fUyRBDjzeI.0;server=GENERAL0100001M;cloudType=Consumer;environment=Prod_EastUS2_000e;migrationStage=NotStarted}
{"logTime": "1130/215735", "correlationVector":"GZfdYOLJCkT+iCWG88e6st","action":"SyncServerConnectionManagerRequest", "result":"SYNC_SERVER_OK", "context":{"environment":"", "migrationStage":"", "server":""}}
{"logTime": "1130/215735", "correlationVector":"cv7lCBh9IcJAwWwXOTnyHm","action":"Initial GetUpdates", "result":"", "context":Reason: NEW_CLIENT. cV=cv7lCBh9IcJAwWwXOTnyHm}
{"logTime": "1130/215736", "correlationVector":"cv7lCBh9IcJAwWwXOTnyHm.1","action":"SyncServerConnectionManagerRequest", "result":"SYNC_SERVER_OK", "context":{"environment":"Prod_EastUS2_000e", "migrationStage":"NotStarted", "server":"GENERAL0100001W"}}
{"logTime": "1130/215736", "correlationVector":"cv7lCBh9IcJAwWwXOTnyHm.2","action":"GetUpdates Response", "result":"SYNCER_OK", "context":Received 7 update(s). cV=cv7lCBh9IcJAwWwXOTnyHm.0;server=GENERAL0100001W;cloudType=Consumer;environment=Prod_EastUS2_000e;migrationStage=NotStarted}
{"logTime": "1130/215736", "correlationVector":"8cbvJjbJcJeGJLf0B10JS6","action":"Normal GetUpdate request", "result":"", "context":cV=8cbvJjbJcJeGJLf0B10JS6
Nudged types: Device Info, User Consents
Refresh requested types: Device Info, User Consents, Send Tab To Self, Encryption Keys}
{"logTime": "1130/215736", "correlationVector":"8cbvJjbJcJeGJLf0B10JS6.1","action":"SyncServerConnectionManagerRequest", "result":"SYNC_SERVER_OK", "context":{"environment":"Prod_EastUS2_000e", "migrationStage":"NotStarted", "server":"GENERAL01000008"}}
{"logTime": "1130/215736", "correlationVector":"8cbvJjbJcJeGJLf0B10JS6.2","action":"GetUpdates Response", "result":"SYNCER_OK", "context":Received 0 update(s). cV=8cbvJjbJcJeGJLf0B10JS6.0;server=GENERAL01000008;cloudType=Consumer;environment=Prod_EastUS2_000e;migrationStage=NotStarted}
{"logTime": "1130/215736", "correlationVector":"7hOVl2NJ+QzJNTDCqV07q3","action":"Commit Request", "result":"", "context":Item count: 1
Contributing types: Device Info}
{"logTime": "1130/215736", "correlationVector":"7hOVl2NJ+QzJNTDCqV07q3.1","action":"SyncServerConnectionManagerRequest", "result":"SYNC_SERVER_OK", "context":{"environment":"Prod_EastUS2_000e", "migrationStage":"NotStarted", "server":"GENERAL0100001Y"}}
{"logTime": "1130/215736", "correlationVector":"7hOVl2NJ+QzJNTDCqV07q3.2","action":"Commit Response", "result":"SYNCER_OK", "context":Result: SYNCER_OK. cV=7hOVl2NJ+QzJNTDCqV07q3.0;server=GENERAL0100001Y;cloudType=Consumer;environment=Prod_EastUS2_000e;migrationStage=NotStarted}
{"logTime": "1130/215736", "correlationVector":"SAKeQQQvaXEBpcCuNK3puB","action":"Commit Request", "result":"", "context":Item count: 2
Contributing types: User Consents}
{"logTime": "1130/215737", "correlationVector":"SAKeQQQvaXEBpcCuNK3puB.1","action":"SyncServerConnectionManagerRequest", "result":"SYNC_SERVER_OK", "context":{"environment":"Prod_EastUS2_000e", "migrationStage":"NotStarted", "server":"GENERAL01000030"}}
{"logTime": "1130/215737", "correlationVector":"SAKeQQQvaXEBpcCuNK3puB.2","action":"Commit Response", "result":"SYNCER_OK", "context":Result: SYNCER_OK. cV=SAKeQQQvaXEBpcCuNK3puB.0;server=GENERAL01000030;cloudType=Consumer;environment=Prod_EastUS2_000e;migrationStage=NotStarted}
{"logTime": "1130/215737", "correlationVector":"b21H41jaCcCMkXoME/6foP","action":"Normal GetUpdate request", "result":"", "context":cV=b21H41jaCcCMkXoME/6foP
Nudged types: Device Info}
{"logTime": "1130/215737", "correlationVector":"b21H41jaCcCMkXoME/6foP.1","action":"SyncServerConnectionManagerRequest", "result":"SYNC_SERVER_OK", "context":{"environment":"Prod_EastUS2_000e", "migrationStage":"NotStarted", "server":"GENERAL01000037"}}
{"logTime": "1130/215737", "correlationVector":"b21H41jaCcCMkXoME/6foP.2","action":"GetUpdates Response", "result":"SYNCER_OK", "context":Received 1 update(s). cV=b21H41jaCcCMkXoME/6foP.0;server=GENERAL01000037;cloudType=Consumer;environment=Prod_EastUS2_000e;migrationStage=NotStarted}
{"logTime": "1130/220300", "correlationVector":"113+rr6JQFRp4HWXc9ivwA.0","action":"FeedSettingFetch_homeCloud", "result":"0", "context":{}}
{"logTime": "1130/220300", "correlationVector":"c3RrSwNIbU1Pmv2Kdruopw.1","action":"SyncServerConnectionManagerRequest", "result":"SYNC_SERVER_OK", "context":{"environment":"Prod_EastUS_000w", "migrationStage":"NotStarted", "server":"GENERAL0100000I"}}
{"logTime": "1130/220300", "correlationVector":"c3RrSwNIbU1Pmv2Kdruopw","action":"Initial GetUpdates", "result":"", "context":Reason: NEW_CLIENT. cV=c3RrSwNIbU1Pmv2Kdruopw}
{"logTime": "1130/220300", "correlationVector":"c3RrSwNIbU1Pmv2Kdruopw.2","action":"GetUpdates Response", "result":"SYNCER_OK", "context":Received 1 update(s). cV=c3RrSwNIbU1Pmv2Kdruopw.0;server=GENERAL0100000I;cloudType=Consumer;environment=Prod_EastUS_000w;migrationStage=NotStarted}
{"logTime": "1130/220300", "correlationVector":"uzc+mBMUyi8mQyRgEbypnh","action":"Normal GetUpdate request", "result":"", "context":cV=uzc+mBMUyi8mQyRgEbypnh
Nudged types: User Consents
Refresh requested types: Device Info, User Consents, Send Tab To Self, Encryption Keys}
{"logTime": "1130/220300", "correlationVector":"uzc+mBMUyi8mQyRgEbypnh.1","action":"SyncServerConnectionManagerRequest", "result":"SYNC_SERVER_OK", "context":{"environment":"Prod_EastUS_000w", "migrationStage":"NotStarted", "server":"GENERAL0100001A"}}
{"logTime": "1130/220300", "correlationVector":"uzc+mBMUyi8mQyRgEbypnh.2","action":"GetUpdates Response", "result":"SYNCER_OK", "context":Received 0 update(s). cV=uzc+mBMUyi8mQyRgEbypnh.0;server=GENERAL0100001A;cloudType=Consumer;environment=Prod_EastUS_000w;migrationStage=NotStarted}
{"logTime": "1130/220300", "correlationVector":"ROTsyvS4qP7mB6HkFW3uH4","action":"Commit Request", "result":"", "context":Item count: 1
Contributing types: User Consents}
{"logTime": "1130/220300", "correlationVector":"ROTsyvS4qP7mB6HkFW3uH4.1","action":"SyncServerConnectionManagerRequest", "result":"SYNC_SERVER_OK", "context":{"environment":"Prod_EastUS_000w", "migrationStage":"NotStarted", "server":"GENERAL0100000L"}}
{"logTime": "1130/220300", "correlationVector":"ROTsyvS4qP7mB6HkFW3uH4.2","action":"Commit Response", "result":"SYNCER_OK", "context":Result: SYNCER_OK. cV=ROTsyvS4qP7mB6HkFW3uH4.0;server=GENERAL0100000L;cloudType=Consumer;environment=Prod_EastUS_000w;migrationStage=NotStarted}
{"logTime": "1130/220302", "correlationVector":"aQTZZwgMaTmFkX9AdM5xL5","action":"SyncServerConnectionManagerRequest", "result":"SYNC_SERVER_OK", "context":{"environment":"", "migrationStage":"", "server":""}}
{"logTime": "1130/220302", "correlationVector":"xF/Q239zZ86qUfdo1N1+et","action":"Initial GetUpdates", "result":"", "context":Reason: RECONFIGURATION. cV=xF/Q239zZ86qUfdo1N1+et}
{"logTime": "1130/220302", "correlationVector":"xF/Q239zZ86qUfdo1N1+et.1","action":"SyncServerConnectionManagerRequest", "result":"SYNC_SERVER_OK", "context":{"environment":"Prod_EastUS_000w", "migrationStage":"NotStarted", "server":"GENERAL01000005"}}
{"logTime": "1130/220302", "correlationVector":"xF/Q239zZ86qUfdo1N1+et.2","action":"GetUpdates Response", "result":"SYNCER_OK", "context":Received 31 update(s). cV=xF/Q239zZ86qUfdo1N1+et.0;server=GENERAL01000005;cloudType=Consumer;environment=Prod_EastUS_000w;migrationStage=NotStarted}
{"logTime": "1130/220302", "correlationVector":"qJ0mz4rOZK91plNn5XGbZT","action":"Initial GetUpdates", "result":"", "context":Reason: NEWLY_SUPPORTED_DATATYPE. cV=qJ0mz4rOZK91plNn5XGbZT}
{"logTime": "1130/220302", "correlationVector":"qJ0mz4rOZK91plNn5XGbZT.1","action":"SyncServerConnectionManagerRequest", "result":"SYNC_SERVER_OK", "context":{"environment":"Prod_EastUS_000w", "migrationStage":"NotStarted", "server":"GENERAL0100000B"}}
{"logTime": "1130/220302", "correlationVector":"qJ0mz4rOZK91plNn5XGbZT.2","action":"GetUpdates Response", "result":"SYNCER_OK", "context":Received 5 update(s). cV=qJ0mz4rOZK91plNn5XGbZT.0;server=GENERAL0100000B;cloudType=Consumer;environment=Prod_EastUS_000w;migrationStage=NotStarted}
{"logTime": "1130/220302", "correlationVector":"2idvJ1KbLUVqQTBvhSuClv","action":"Initial GetUpdates", "result":"", "context":Reason: NEWLY_SUPPORTED_DATATYPE. cV=2idvJ1KbLUVqQTBvhSuClv}
{"logTime": "1130/220302", "correlationVector":"2idvJ1KbLUVqQTBvhSuClv.1","action":"SyncServerConnectionManagerRequest", "result":"SYNC_SERVER_OK", "context":{"environment":"Prod_EastUS_000w", "migrationStage":"NotStarted", "server":"GENERAL0100001I"}}
{"logTime": "1130/220302", "correlationVector":"2idvJ1KbLUVqQTBvhSuClv.2","action":"GetUpdates", "result":"DeleteReceived", "context":{"id":"c7043976-a73f-4415-b547-ce5a3b79b80f", "isDeleted:":"true", "version":"1697837297284"}}
{"logTime": "1130/220302", "correlationVector":"2idvJ1KbLUVqQTBvhSuClv.3","action":"GetUpdates", "result":"DeleteReceived", "context":{"id":"63b48595-51a1-4f63-8ccb-d52750428bd6", "isDeleted:":"true", "version":"1696284099708"}}
{"logTime": "1130/220302", "correlationVector":"2idvJ1KbLUVqQTBvhSuClv.4","action":"GetUpdates", "result":"DeleteReceived", "context":{"id":"cd82dc3b-9c40-438f-a882-caef10e31cc4", "isDeleted:":"true", "version":"1696284419341"}}
{"logTime": "1130/220302", "correlationVector":"2idvJ1KbLUVqQTBvhSuClv.5","action":"GetUpdates", "result":"DeleteReceived", "context":{"id":"d94ea4e9-5880-41d4-aaab-9be5bd733c5c", "isDeleted:":"true", "version":"1696284419342"}}
{"logTime": "1130/220302", "correlationVector":"2idvJ1KbLUVqQTBvhSuClv.6","action":"GetUpdates", "result":"DeleteReceived", "context":{"id":"395c2b95-ba8c-41a0-bc93-136acb79b387", "isDeleted:":"true", "version":"1696285379486"}}
{"logTime": "1130/220302", "correlationVector":"2idvJ1KbLUVqQTBvhSuClv.7","action":"GetUpdates", "result":"DeleteReceived", "context":{"id":"f1ae72f1-7de4-4407-a1a5-6a5eea18b3cd", "isDeleted:":"true", "version":"1696286471192"}}
{"logTime": "1130/220302", "correlationVector":"2idvJ1KbLUVqQTBvhSuClv.8","action":"GetUpdates", "result":"DeleteReceived", "context":{"id":"507a0f51-06cd-4223-94ac-19628f6dfdd1", "isDeleted:":"true", "version":"1696286762668"}}
{"logTime": "1130/220302", "correlationVector":"2idvJ1KbLUVqQTBvhSuClv.9","action":"GetUpdates", "result":"DeleteReceived", "context":{"id":"34ee6612-457a-4c98-ba00-1744f179f428", "isDeleted:":"true", "version":"1696287446236"}}
{"logTime": "1130/220302", "correlationVector":"2idvJ1KbLUVqQTBvhSuClv.10","action":"GetUpdates", "result":"DeleteReceived", "context":{"id":"e3b717c8-c929-4773-bb30-9c237ee663b9", "isDeleted:":"true", "version":"1696287738200"}}
{"logTime": "1130/220302", "correlationVector":"2idvJ1KbLUVqQTBvhSuClv.11","action":"GetUpdates", "result":"DeleteReceived", "context":{"id":"5345af24-f318-418a-930e-cb096c5af7d5", "isDeleted:":"true", "version":"1696288342147"}}
{"logTime": "1130/220302", "correlationVector":"2idvJ1KbLUVqQTBvhSuClv.12","action":"GetUpdates", "result":"DeleteReceived", "context":{"id":"9ea02a72-47b9-414d-b8df-682eec02dd8e", "isDeleted:":"true", "version":"1696288879750"}}
{"logTime": "1130/220302", "correlationVector":"2idvJ1KbLUVqQTBvhSuClv.13","action":"GetUpdates", "result":"DeleteReceived", "context":{"id":"241ead10-fb6d-4967-aa06-8d98f986c890", "isDeleted:":"true", "version":"1696289101817"}}
{"logTime": "1130/220302", "correlationVector":"2idvJ1KbLUVqQTBvhSuClv.14","action":"GetUpdates", "result":"DeleteReceived", "context":{"id":"20e99ee8-a802-4be6-b7dd-cc0a235c071d", "isDeleted:":"true", "version":"1696289642151"}}
{"logTime": "1130/220302", "correlationVector":"2idvJ1KbLUVqQTBvhSuClv.15","action":"GetUpdates", "result":"DeleteReceived", "context":{"id":"e9c18c8d-131f-406d-b32a-c759a64b9e08", "isDeleted:":"true", "version":"1696290115419"}}
{"logTime": "1130/220302", "correlationVector":"2idvJ1KbLUVqQTBvhSuClv.16","action":"GetUpdates", "result":"DeleteReceived", "context":{"id":"03c87ae5-3793-413d-8dc2-1ea2c1c5c8f9", "isDeleted:":"true", "version":"1696633146649"}}
{"logTime": "1130/220302", "correlationVector":"2idvJ1KbLUVqQTBvhSuClv.17","action":"GetUpdates", "result":"DeleteReceived", "context":{"id":"989ce474-4fca-4d2a-a1fa-d0dc80828676", "isDeleted:":"true", "version":"1696633405569"}}
{"logTime": "1130/220302", "correlationVector":"2idvJ1KbLUVqQTBvhSuClv.18","action":"GetUpdates", "result":"DeleteReceived", "context":{"id":"69590735-5bdc-419e-908f-0114b26ab679", "isDeleted:":"true", "version":"1696633953600"}}
{"logTime": "1130/220302", "correlationVector":"2idvJ1KbLUVqQTBvhSuClv.19","action":"GetUpdates", "result":"DeleteReceived", "context":{"id":"9fd40570-882f-419b-bf42-7c5a5cbefadb", "isDeleted:":"true", "version":"1696635672842"}}
{"logTime": "1130/220302", "correlationVector":"2idvJ1KbLUVqQTBvhSuClv.20","action":"GetUpdates", "result":"DeleteReceived", "context":{"id":"1763bf11-8639-4c3e-aca0-267dcf26a4c9", "isDeleted:":"true", "version":"1697333205394"}}
{"logTime": "1130/220302", "correlationVector":"2idvJ1KbLUVqQTBvhSuClv.21","action":"GetUpdates", "result":"DeleteReceived", "context":{"id":"5b538990-2f92-429b-93b2-7dc8d9d02444", "isDeleted:":"true", "version":"1697333205395"}}
{"logTime": "1130/220302", "correlationVector":"2idvJ1KbLUVqQTBvhSuClv.22","action":"GetUpdates", "result":"DeleteReceived", "context":{"id":"5ae2c9b1-9748-4a32-b0e5-a331cbe0c18a", "isDeleted:":"true", "version":"1697333205397"}}
{"logTime": "1130/220302", "correlationVector":"2idvJ1KbLUVqQTBvhSuClv.23","action":"GetUpdates", "result":"DeleteReceived", "context":{"id":"cff95447-331c-4230-8663-d20e933b1578", "isDeleted:":"true", "version":"1697333205398"}}
{"logTime": "1130/220302", "correlationVector":"2idvJ1KbLUVqQTBvhSuClv.24","action":"GetUpdates", "result":"DeleteReceived", "context":{"id":"e6e84d4e-89f9-4e97-ac84-03f8763b0d08", "isDeleted:":"true", "version":"1697333371560"}}
{"logTime": "1130/220302", "correlationVector":"2idvJ1KbLUVqQTBvhSuClv.25","action":"GetUpdates", "result":"DeleteReceived", "context":{"id":"8320defa-d2e6-41b8-9e90-deb313b3b678", "isDeleted:":"true", "version":"1697333371561"}}
{"logTime": "1130/220302", "correlationVector":"2idvJ1KbLUVqQTBvhSuClv.26","action":"GetUpdates", "result":"DeleteReceived", "context":{"id":"e68ce0ce-dc54-4685-aaaf-8015e7889b75", "isDeleted:":"true", "version":"1697333371562"}}
{"logTime": "1130/220302", "correlationVector":"2idvJ1KbLUVqQTBvhSuClv.27","action":"GetUpdates", "result":"DeleteReceived", "context":{"id":"da1b33ba-b80a-4774-a25e-e23785876c63", "isDeleted:":"true", "version":"1697333371563"}}
{"logTime": "1130/220302", "correlationVector":"2idvJ1KbLUVqQTBvhSuClv.28","action":"GetUpdates", "result":"DeleteReceived", "context":{"id":"c625d834-4880-4844-8e87-df79c8770dcc", "isDeleted:":"true", "version":"1697487154942"}}
{"logTime": "1130/220302", "correlationVector":"2idvJ1KbLUVqQTBvhSuClv.29","action":"GetUpdates", "result":"DeleteReceived", "context":{"id":"f6d208bb-e500-461d-9ddb-3fb4768a981a", "isDeleted:":"true", "version":"1697492347401"}}
{"logTime": "1130/220302", "correlationVector":"2idvJ1KbLUVqQTBvhSuClv.30","action":"GetUpdates", "result":"DeleteReceived", "context":{"id":"89cca7c1-1a8d-4cf4-b5de-4866c77da1b8", "isDeleted:":"true", "version":"1697495834584"}}
{"logTime": "1130/220302", "correlationVector":"2idvJ1KbLUVqQTBvhSuClv.31","action":"GetUpdates", "result":"DeleteReceived", "context":{"id":"f77cae4e-a00a-4ed0-9cd9-65f24bb27cec", "isDeleted:":"true", "version":"1697495905520"}}
{"logTime": "1130/220302", "correlationVector":"2idvJ1KbLUVqQTBvhSuClv.32","action":"GetUpdates", "result":"DeleteReceived", "context":{"id":"ce78b4f0-5831-4526-80c6-fa86568bc576", "isDeleted:":"true", "version":"1697830784508"}}
{"logTime": "1130/220302", "correlationVector":"2idvJ1KbLUVqQTBvhSuClv.33","action":"GetUpdates", "result":"DeleteReceived", "context":{"id":"dc3f7d67-386c-4f72-b536-fc5daf4f9af8", "isDeleted:":"true", "version":"1697830784509"}}
{"logTime": "1130/220302", "correlationVector":"2idvJ1KbLUVqQTBvhSuClv.34","action":"GetUpdates", "result":"DeleteReceived", "context":{"id":"9576b007-d623-477d-96bb-303a2a5e109e", "isDeleted:":"true", "version":"1697830784510"}}
{"logTime": "1130/220302", "correlationVector":"2idvJ1KbLUVqQTBvhSuClv.35","action":"GetUpdates", "result":"DeleteReceived", "context":{"id":"8328a1b1-ff9b-44e7-9d2e-3fa5e4d13e93", "isDeleted:":"true", "version":"1697837373018"}}
{"logTime": "1130/220302", "correlationVector":"2idvJ1KbLUVqQTBvhSuClv.36","action":"GetUpdates", "result":"DeleteReceived", "context":{"id":"7f8fd7fb-d29b-4b38-9e88-22ccb1978957", "isDeleted:":"true", "version":"1698106765831"}}
{"logTime": "1130/220302", "correlationVector":"2idvJ1KbLUVqQTBvhSuClv.37","action":"GetUpdates", "result":"DeleteReceived", "context":{"id":"6280c542-a813-4728-8b47-7317a064f949", "isDeleted:":"true", "version":"1698107057614"}}
{"logTime": "1130/220302", "correlationVector":"2idvJ1KbLUVqQTBvhSuClv.38","action":"GetUpdates", "result":"DeleteReceived", "context":{"id":"2b54904d-b24b-4d3a-a941-dd2cfd2a3d1c", "isDeleted:":"true", "version":"1698166189387"}}
{"logTime": "1130/220302", "correlationVector":"2idvJ1KbLUVqQTBvhSuClv.39","action":"GetUpdates", "result":"DeleteReceived", "context":{"id":"54b9b6c7-3725-4454-956d-b391728379e3", "isDeleted:":"true", "version":"1698170681470"}}
{"logTime": "1130/220302", "correlationVector":"2idvJ1KbLUVqQTBvhSuClv.40","action":"GetUpdates", "result":"DeleteReceived", "context":{"id":"fc44d084-1094-4c51-9ee7-a2427ad93d8c", "isDeleted:":"true", "version":"1698444586645"}}
{"logTime": "1130/220302", "correlationVector":"2idvJ1KbLUVqQTBvhSuClv.41","action":"GetUpdates", "result":"DeleteReceived", "context":{"id":"c01bdb04-4909-43a4-b8e0-747de405302e", "isDeleted:":"true", "version":"1698461861540"}}
{"logTime": "1130/220302", "correlationVector":"2idvJ1KbLUVqQTBvhSuClv.42","action":"GetUpdates", "result":"DeleteReceived", "context":{"id":"85d68e9a-e1de-4c48-8896-37fe26ce65b6", "isDeleted:":"true", "version":"1698461861541"}}
{"logTime": "1130/220302", "correlationVector":"2idvJ1KbLUVqQTBvhSuClv.43","action":"GetUpdates", "result":"DeleteReceived", "context":{"id":"638b8b71-4416-4df2-a7e4-281c8e96d063", "isDeleted:":"true", "version":"1700085758964"}}
{"logTime": "1130/220302", "correlationVector":"2idvJ1KbLUVqQTBvhSuClv.44","action":"GetUpdates", "result":"DeleteReceived", "context":{"id":"1e46ec36-e93f-43de-9312-3cda8aa6dda0", "isDeleted:":"true", "version":"1700085758967"}}
{"logTime": "1130/220302", "correlationVector":"2idvJ1KbLUVqQTBvhSuClv.45","action":"GetUpdates", "result":"DeleteReceived", "context":{"id":"cc86a800-39d1-483d-9b91-6ad33d77e3f8", "isDeleted:":"true", "version":"1701129130352"}}
{"logTime": "1130/220302", "correlationVector":"2idvJ1KbLUVqQTBvhSuClv.46","action":"GetUpdates", "result":"DeleteReceived", "context":{"id":"37fcf36c-4b0f-49a5-a65b-fe6a77e498ac", "isDeleted:":"true", "version":"1701129356075"}}
{"logTime": "1130/220302", "correlationVector":"2idvJ1KbLUVqQTBvhSuClv.47","action":"GetUpdates", "result":"DeleteReceived", "context":{"id":"7772a9a5-a426-4179-aaa8-5219c81f52e3", "isDeleted:":"true", "version":"1701134250693"}}
{"logTime": "1130/220302", "correlationVector":"2idvJ1KbLUVqQTBvhSuClv.48","action":"GetUpdates Response", "result":"SYNCER_OK", "context":Received 55 update(s). cV=2idvJ1KbLUVqQTBvhSuClv.0;server=GENERAL0100001I;cloudType=Consumer;environment=Prod_EastUS_000w;migrationStage=NotStarted}
{"logTime": "1130/220302", "correlationVector":"BtMIQc5e7TrLXGvEpeIlXQ","action":"Normal GetUpdate request", "result":"", "context":cV=BtMIQc5e7TrLXGvEpeIlXQ
Nudged types: Preferences, Sessions, Device Info
Refresh requested types: Bookmarks, Preferences, Passwords, Autofill Profiles, Autofill, Autofill Custom Data, Typed URLs, Extensions, Sessions, Extension settings, History Delete Directives, Device Info, User Consents, Send Tab To Self, Web Apps, Collection, Edge E Drop, Edge Hub App Usage, Edge Wallet, Encryption Keys}
{"logTime": "1130/220302", "correlationVector":"BtMIQc5e7TrLXGvEpeIlXQ.1","action":"SyncServerConnectionManagerRequest", "result":"SYNC_SERVER_OK", "context":{"environment":"Prod_EastUS_000w", "migrationStage":"NotStarted", "server":"GENERAL0100001I"}}
{"logTime": "1130/220302", "correlationVector":"BtMIQc5e7TrLXGvEpeIlXQ.2","action":"GetUpdates Response", "result":"SYNCER_OK", "context":Received 0 update(s). cV=BtMIQc5e7TrLXGvEpeIlXQ.0;server=GENERAL0100001I;cloudType=Consumer;environment=Prod_EastUS_000w;migrationStage=NotStarted}
{"logTime": "1130/220302", "correlationVector":"3TbrjJXSWv3KYHK39OBQo0","action":"Commit Request", "result":"", "context":Item count: 1
Contributing types: Device Info}
{"logTime": "1130/220302", "correlationVector":"3TbrjJXSWv3KYHK39OBQo0.1","action":"SyncServerConnectionManagerRequest", "result":"SYNC_SERVER_OK", "context":{"environment":"Prod_EastUS_000w", "migrationStage":"NotStarted", "server":"GENERAL0100001A"}}
{"logTime": "1130/220302", "correlationVector":"3TbrjJXSWv3KYHK39OBQo0.2","action":"Commit Response", "result":"SYNCER_OK", "context":Result: SYNCER_OK. cV=3TbrjJXSWv3KYHK39OBQo0.0;server=GENERAL0100001A;cloudType=Consumer;environment=Prod_EastUS_000w;migrationStage=NotStarted}
{"logTime": "1130/220302", "correlationVector":"sGwXxIHZ+UhrHGOtytg7CX","action":"Commit Request", "result":"", "context":Item count: 3
Contributing types: Preferences, Sessions}
{"logTime": "1130/220302", "correlationVector":"sGwXxIHZ+UhrHGOtytg7CX.1","action":"SyncServerConnectionManagerRequest", "result":"SYNC_SERVER_OK", "context":{"environment":"Prod_EastUS_000w", "migrationStage":"NotStarted", "server":"GENERAL0100000X"}}
{"logTime": "1130/220302", "correlationVector":"sGwXxIHZ+UhrHGOtytg7CX.2","action":"Commit Response", "result":"SYNCER_OK", "context":Result: SYNCER_OK. cV=sGwXxIHZ+UhrHGOtytg7CX.0;server=GENERAL0100000X;cloudType=Consumer;environment=Prod_EastUS_000w;migrationStage=NotStarted}
{"logTime": "1130/220304", "correlationVector":"C/KOB4S0XXB4ucRJ07hLqY","action":"Commit Request", "result":"", "context":Item count: 1
Contributing types: Edge Hub App Usage}
{"logTime": "1130/220304", "correlationVector":"C/KOB4S0XXB4ucRJ07hLqY.1","action":"SyncServerConnectionManagerRequest", "result":"SYNC_SERVER_OK", "context":{"environment":"Prod_EastUS_000w", "migrationStage":"NotStarted", "server":"GENERAL0100000S"}}
{"logTime": "1130/220304", "correlationVector":"C/KOB4S0XXB4ucRJ07hLqY.2","action":"Commit Response", "result":"SYNCER_OK", "context":Result: SYNCER_OK. cV=C/KOB4S0XXB4ucRJ07hLqY.0;server=GENERAL0100000S;cloudType=Consumer;environment=Prod_EastUS_000w;migrationStage=NotStarted}
{"logTime": "1130/220349", "correlationVector":"SL5Nn9rO5SXKwVZIcpNhrT","action":"Commit Request", "result":"", "context":Item count: 1
Contributing types: Sessions}
{"logTime": "1130/220350", "correlationVector":"SL5Nn9rO5SXKwVZIcpNhrT.1","action":"SyncServerConnectionManagerRequest", "result":"SYNC_SERVER_OK", "context":{"environment":"Prod_EastUS_000w", "migrationStage":"NotStarted", "server":"GENERAL0100001E"}}
{"logTime": "1130/220350", "correlationVector":"SL5Nn9rO5SXKwVZIcpNhrT.2","action":"Commit Response", "result":"SYNCER_OK", "context":Result: SYNCER_OK. cV=SL5Nn9rO5SXKwVZIcpNhrT.0;server=GENERAL0100001E;cloudType=Consumer;environment=Prod_EastUS_000w;migrationStage=NotStarted}
{"logTime": "1130/220426", "correlationVector":"XLqXZ1iDLGx7zt8NpaSojl","action":"Commit Request", "result":"", "context":Item count: 1
Contributing types: Sessions}
{"logTime": "1130/220427", "correlationVector":"XLqXZ1iDLGx7zt8NpaSojl.1","action":"SyncServerConnectionManagerRequest", "result":"SYNC_SERVER_OK", "context":{"environment":"Prod_EastUS2_000e", "migrationStage":"NotStarted", "server":"GENERAL0100001K"}}
{"logTime": "1130/220427", "correlationVector":"XLqXZ1iDLGx7zt8NpaSojl.2","action":"Commit Response", "result":"SYNCER_OK", "context":Result: SYNCER_OK. cV=XLqXZ1iDLGx7zt8NpaSojl.0;server=GENERAL0100001K;cloudType=Consumer;environment=Prod_EastUS2_000e;migrationStage=NotStarted}
